app/build/intermediates/manifest_merge_blame_file/debug/manifest-merger-blame-debug-report.txt
1<?xml version="1.0" encoding="utf-8"?>
2<manifest xmlns:android="http://schemas.android.com/apk/res/android"
3    package="com.example.seriesorganizer"
4    android:versionCode="1"
5    android:versionName="1.0" >
6
7    <uses-sdk
8        android:minSdkVersion="26"
8-->src\main\AndroidManifest.xml
9        android:targetSdkVersion="30" />
9-->src\main\AndroidManifest.xml
10
11    <uses-permission android:name="android.permission.WAKE_LOCK" />
11-->src\main\AndroidManifest.xml:6:5-68
11-->src\main\AndroidManifest.xml:6:22-65
12    <uses-permission android:name="android.permission.INTERNET" />
12-->src\main\AndroidManifest.xml:8:5-67
12-->src\main\AndroidManifest.xml:8:22-64
13
14    <application
14-->src\main\AndroidManifest.xml:10:5-53:19
15        android:allowBackup="true"
15-->src\main\AndroidManifest.xml:11:9-35
16        android:appComponentFactory="androidx.core.app.CoreComponentFactory"
16-->[androidx.core:core:1.2.0] AndroidManifest.xml:24:18-86
17        android:debuggable="true"
18        android:extractNativeLibs="false"
19        android:icon="@mipmap/ic_launcher"
19-->src\main\AndroidManifest.xml:12:9-43
20        android:label="@string/app_name"
20-->src\main\AndroidManifest.xml:13:9-41
21        android:roundIcon="@mipmap/ic_launcher_round"
21-->src\main\AndroidManifest.xml:14:9-54
22        android:supportsRtl="true"
22-->src\main\AndroidManifest.xml:15:9-35
23        android:testOnly="true"
24        android:theme="@style/Theme.OrganizadorDeSeries" >
24-->src\main\AndroidManifest.xml:16:9-57
25        <activity android:name="com.example.seriesorganizer.ExpandableListAdapter" />
25-->src\main\AndroidManifest.xml:17:9-18:54
25-->src\main\AndroidManifest.xml:17:19-83
26        <activity
26-->src\main\AndroidManifest.xml:19:9-21:73
27            android:name="com.example.seriesorganizer.ShowCurrentSerie"
27-->src\main\AndroidManifest.xml:20:13-72
28            android:label="@string/title_activity_show_current_serie" />
28-->src\main\AndroidManifest.xml:21:13-70
29        <activity
29-->src\main\AndroidManifest.xml:22:9-24:64
30            android:name="com.example.seriesorganizer.EditData"
30-->src\main\AndroidManifest.xml:23:13-64
31            android:label="@string/title_activity_edit_data" />
31-->src\main\AndroidManifest.xml:24:13-61
32        <activity
32-->src\main\AndroidManifest.xml:25:9-27:67
33            android:name="com.example.seriesorganizer.ModifySerie"
33-->src\main\AndroidManifest.xml:26:13-67
34            android:label="@string/title_activity_modify_serie" />
34-->src\main\AndroidManifest.xml:27:13-64
35        <activity
35-->src\main\AndroidManifest.xml:28:9-30:64
36            android:name="com.example.seriesorganizer.MySeries"
36-->src\main\AndroidManifest.xml:29:13-64
37            android:label="@string/title_activity_following" />
37-->src\main\AndroidManifest.xml:30:13-61
38        <activity
38-->src\main\AndroidManifest.xml:31:9-33:64
39            android:name="com.example.seriesorganizer.AddSerie"
39-->src\main\AndroidManifest.xml:32:13-64
40            android:label="@string/title_activity_add_serie" />
40-->src\main\AndroidManifest.xml:33:13-61
41
42        <uses-library
42-->src\main\AndroidManifest.xml:35:9-37:40
43            android:name="com.google.android.wearable"
43-->src\main\AndroidManifest.xml:36:13-55
44            android:required="false" />
44-->src\main\AndroidManifest.xml:37:13-37
45        <!--
46               Set to true if your app is Standalone, that is, it does not require the handheld
47               app to run.
48        -->
49        <meta-data
49-->src\main\AndroidManifest.xml:42:9-44:36
50            android:name="com.google.android.wearable.standalone"
50-->src\main\AndroidManifest.xml:43:13-66
51            android:value="true" />
51-->src\main\AndroidManifest.xml:44:13-33
52
53        <activity android:name="com.example.seriesorganizer.MainActivity" >
53-->src\main\AndroidManifest.xml:46:9-52:20
53-->src\main\AndroidManifest.xml:46:19-74
54            <intent-filter>
54-->src\main\AndroidManifest.xml:47:13-51:29
55                <action android:name="android.intent.action.MAIN" />
55-->src\main\AndroidManifest.xml:48:17-69
55-->src\main\AndroidManifest.xml:48:25-66
56
57                <category android:name="android.intent.category.LAUNCHER" />
57-->src\main\AndroidManifest.xml:50:17-77
57-->src\main\AndroidManifest.xml:50:27-74
58            </intent-filter>
59        </activity>
60
61        <provider
61-->[com.squareup.picasso:picasso:2.71828] AndroidManifest.xml:8:9-11:40
62            android:name="com.squareup.picasso.PicassoProvider"
62-->[com.squareup.picasso:picasso:2.71828] AndroidManifest.xml:9:13-64
63            android:authorities="com.example.seriesorganizer.com.squareup.picasso"
63-->[com.squareup.picasso:picasso:2.71828] AndroidManifest.xml:10:13-72
64            android:exported="false" />
64-->[com.squareup.picasso:picasso:2.71828] AndroidManifest.xml:11:13-37
65    </application>
66
67</manifest>